# JRE version: Java(TM) SE Runtime Environment (8.0_20-b26) (build 1.8.0_20-b26)
# Java VM: Java HotSpot(TM) 64-Bit Server VM (25.20-b23 mixed mode windows-amd64 compressed oops)
Heap:
 PSYoungGen      total 264704K, used 14666K [0x00000000d7180000, 0x00000000ecd80000, 0x0000000100000000)
  eden space 250880K, 5% used [0x00000000d7180000,0x00000000d7fd2858,0x00000000e6680000)
  from space 13824K, 0% used [0x00000000e6680000,0x00000000e6680000,0x00000000e7400000)
  to   space 14848K, 0% used [0x00000000ebf00000,0x00000000ebf00000,0x00000000ecd80000)
 ParOldGen       total 84480K, used 19092K [0x0000000085400000, 0x000000008a680000, 0x00000000d7180000)
  object space 84480K, 22% used [0x0000000085400000,0x00000000866a53a8,0x000000008a680000)
 Metaspace       used 35813K, capacity 36152K, committed 36392K, reserved 1081344K
  class space    used 4530K, capacity 4634K, committed 4648K, reserved 1048576K
GC Heap History (10 events):
Event: 3.643 GC heap before
{Heap before GC invocations=5 (full 0):
 PSYoungGen      total 132096K, used 14766K [0x00000000d7180000, 0x00000000df780000, 0x0000000100000000)
  eden space 126976K, 7% used [0x00000000d7180000,0x00000000d7aebaa0,0x00000000ded80000)
  from space 5120K, 99% used [0x00000000df280000,0x00000000df77fef8,0x00000000df780000)
  to   space 5120K, 0% used [0x00000000ded80000,0x00000000ded80000,0x00000000df280000)
 ParOldGen       total 84992K, used 12731K [0x0000000085400000, 0x000000008a700000, 0x00000000d7180000)
  object space 84992K, 14% used [0x0000000085400000,0x000000008606edc0,0x000000008a700000)
 Metaspace       used 20927K, capacity 21102K, committed 21296K, reserved 1069056K
  class space    used 2557K, capacity 2616K, committed 2688K, reserved 1048576K
Event: 3.670 GC heap after
Heap after GC invocations=5 (full 0):
 PSYoungGen      total 132096K, used 5103K [0x00000000d7180000, 0x00000000e8180000, 0x0000000100000000)
  eden space 126976K, 0% used [0x00000000d7180000,0x00000000d7180000,0x00000000ded80000)
  from space 5120K, 99% used [0x00000000ded80000,0x00000000df27bec8,0x00000000df280000)
  to   space 12288K, 0% used [0x00000000e7580000,0x00000000e7580000,0x00000000e8180000)
 ParOldGen       total 84992K, used 13691K [0x0000000085400000, 0x000000008a700000, 0x00000000d7180000)
  object space 84992K, 16% used [0x0000000085400000,0x000000008615efb0,0x000000008a700000)
 Metaspace       used 20927K, capacity 21102K, committed 21296K, reserved 1069056K
  class space    used 2557K, capacity 2616K, committed 2688K, reserved 1048576K
}
Event: 3.670 GC heap before
{Heap before GC invocations=6 (full 1):
 PSYoungGen      total 132096K, used 5103K [0x00000000d7180000, 0x00000000e8180000, 0x0000000100000000)
  eden space 126976K, 0% used [0x00000000d7180000,0x00000000d7180000,0x00000000ded80000)
  from space 5120K, 99% used [0x00000000ded80000,0x00000000df27bec8,0x00000000df280000)
  to   space 12288K, 0% used [0x00000000e7580000,0x00000000e7580000,0x00000000e8180000)
 ParOldGen       total 84992K, used 13691K [0x0000000085400000, 0x000000008a700000, 0x00000000d7180000)
  object space 84992K, 16% used [0x0000000085400000,0x000000008615efb0,0x000000008a700000)
 Metaspace       used 20927K, capacity 21102K, committed 21296K, reserved 1069056K
  class space    used 2557K, capacity 2616K, committed 2688K, reserved 1048576K
Event: 3.754 GC heap after
Heap after GC invocations=6 (full 1):
 PSYoungGen      total 132096K, used 0K [0x00000000d7180000, 0x00000000e8180000, 0x0000000100000000)
  eden space 126976K, 0% used [0x00000000d7180000,0x00000000d7180000,0x00000000ded80000)
  from space 5120K, 0% used [0x00000000ded80000,0x00000000ded80000,0x00000000df280000)
  to   space 12288K, 0% used [0x00000000e7580000,0x00000000e7580000,0x00000000e8180000)
 ParOldGen       total 59904K, used 10648K [0x0000000085400000, 0x0000000088e80000, 0x00000000d7180000)
  object space 59904K, 17% used [0x0000000085400000,0x0000000085e66348,0x0000000088e80000)
 Metaspace       used 20926K, capacity 21100K, committed 21296K, reserved 1069056K
  class space    used 2557K, capacity 2615K, committed 2688K, reserved 1048576K
}
Event: 6.206 GC heap before
{Heap before GC invocations=7 (full 1):
 PSYoungGen      total 132096K, used 126976K [0x00000000d7180000, 0x00000000e8180000, 0x0000000100000000)
  eden space 126976K, 100% used [0x00000000d7180000,0x00000000ded80000,0x00000000ded80000)
  from space 5120K, 0% used [0x00000000ded80000,0x00000000ded80000,0x00000000df280000)
  to   space 12288K, 0% used [0x00000000e7580000,0x00000000e7580000,0x00000000e8180000)
 ParOldGen       total 59904K, used 10648K [0x0000000085400000, 0x0000000088e80000, 0x00000000d7180000)
  object space 59904K, 17% used [0x0000000085400000,0x0000000085e66348,0x0000000088e80000)
 Metaspace       used 28706K, capacity 29086K, committed 29312K, reserved 1075200K
  class space    used 3545K, capacity 3625K, committed 3712K, reserved 1048576K
Event: 6.262 GC heap after
Heap after GC invocations=7 (full 1):
 PSYoungGen      total 220160K, used 12286K [0x00000000d7180000, 0x00000000e8180000, 0x0000000100000000)
  eden space 207872K, 0% used [0x00000000d7180000,0x00000000d7180000,0x00000000e3c80000)
  from space 12288K, 99% used [0x00000000e7580000,0x00000000e817f900,0x00000000e8180000)
  to   space 13824K, 0% used [0x00000000e6680000,0x00000000e6680000,0x00000000e7400000)
 ParOldGen       total 59904K, used 10695K [0x0000000085400000, 0x0000000088e80000, 0x00000000d7180000)
  object space 59904K, 17% used [0x0000000085400000,0x0000000085e71e18,0x0000000088e80000)
 Metaspace       used 28706K, capacity 29086K, committed 29312K, reserved 1075200K
  class space    used 3545K, capacity 3625K, committed 3712K, reserved 1048576K
}
Event: 11.234 GC heap before
{Heap before GC invocations=8 (full 1):
 PSYoungGen      total 220160K, used 76184K [0x00000000d7180000, 0x00000000e8180000, 0x0000000100000000)
  eden space 207872K, 30% used [0x00000000d7180000,0x00000000dafe6838,0x00000000e3c80000)
  from space 12288K, 99% used [0x00000000e7580000,0x00000000e817f900,0x00000000e8180000)
  to   space 13824K, 0% used [0x00000000e6680000,0x00000000e6680000,0x00000000e7400000)
 ParOldGen       total 59904K, used 10695K [0x0000000085400000, 0x0000000088e80000, 0x00000000d7180000)
  object space 59904K, 17% used [0x0000000085400000,0x0000000085e71e18,0x0000000088e80000)
 Metaspace       used 35055K, capacity 35356K, committed 35496K, reserved 1081344K
  class space    used 4430K, capacity 4496K, committed 4520K, reserved 1048576K
Event: 11.249 GC heap after
Heap after GC invocations=8 (full 1):
 PSYoungGen      total 264704K, used 11654K [0x00000000d7180000, 0x00000000ecd80000, 0x0000000100000000)
  eden space 250880K, 0% used [0x00000000d7180000,0x00000000d7180000,0x00000000e6680000)
  from space 13824K, 84% used [0x00000000e6680000,0x00000000e71e1b10,0x00000000e7400000)
  to   space 14848K, 0% used [0x00000000ebf00000,0x00000000ebf00000,0x00000000ecd80000)
 ParOldGen       total 59904K, used 10703K [0x0000000085400000, 0x0000000088e80000, 0x00000000d7180000)
  object space 59904K, 17% used [0x0000000085400000,0x0000000085e73e18,0x0000000088e80000)
 Metaspace       used 35055K, capacity 35356K, committed 35496K, reserved 1081344K
  class space    used 4430K, capacity 4496K, committed 4520K, reserved 1048576K
}
Event: 11.249 GC heap before
{Heap before GC invocations=9 (full 2):
 PSYoungGen      total 264704K, used 11654K [0x00000000d7180000, 0x00000000ecd80000, 0x0000000100000000)
  eden space 250880K, 0% used [0x00000000d7180000,0x00000000d7180000,0x00000000e6680000)
  from space 13824K, 84% used [0x00000000e6680000,0x00000000e71e1b10,0x00000000e7400000)
  to   space 14848K, 0% used [0x00000000ebf00000,0x00000000ebf00000,0x00000000ecd80000)
 ParOldGen       total 59904K, used 10703K [0x0000000085400000, 0x0000000088e80000, 0x00000000d7180000)
  object space 59904K, 17% used [0x0000000085400000,0x0000000085e73e18,0x0000000088e80000)
 Metaspace       used 35055K, capacity 35356K, committed 35496K, reserved 1081344K
  class space    used 4430K, capacity 4496K, committed 4520K, reserved 1048576K
Event: 11.350 GC heap after
Heap after GC invocations=9 (full 2):
 PSYoungGen      total 264704K, used 0K [0x00000000d7180000, 0x00000000ecd80000, 0x0000000100000000)
  eden space 250880K, 0% used [0x00000000d7180000,0x00000000d7180000,0x00000000e6680000)
  from space 13824K, 0% used [0x00000000e6680000,0x00000000e6680000,0x00000000e7400000)
  to   space 14848K, 0% used [0x00000000ebf00000,0x00000000ebf00000,0x00000000ecd80000)
 ParOldGen       total 84480K, used 19092K [0x0000000085400000, 0x000000008a680000, 0x00000000d7180000)
  object space 84480K, 22% used [0x0000000085400000,0x00000000866a53a8,0x000000008a680000)
 Metaspace       used 35055K, capacity 35356K, committed 35496K, reserved 1081344K
  class space    used 4430K, capacity 4496K, committed 4520K, reserved 1048576K
}

