# JRE version: Java(TM) SE Runtime Environment (8.0_20-b26) (build 1.8.0_20-b26)
# Java VM: Java HotSpot(TM) 64-Bit Server VM (25.20-b23 mixed mode windows-amd64 compressed oops)
Heap:
 PSYoungGen      total 219136K, used 19944K [0x00000000d7180000, 0x00000000e5b80000, 0x0000000100000000)
  eden space 207360K, 9% used [0x00000000d7180000,0x00000000d84fa250,0x00000000e3c00000)
  from space 11776K, 0% used [0x00000000e5000000,0x00000000e5000000,0x00000000e5b80000)
  to   space 13824K, 0% used [0x00000000e4080000,0x00000000e4080000,0x00000000e4e00000)
 ParOldGen       total 75264K, used 18742K [0x0000000085400000, 0x0000000089d80000, 0x00000000d7180000)
  object space 75264K, 24% used [0x0000000085400000,0x000000008664d818,0x0000000089d80000)
 Metaspace       used 35969K, capacity 36302K, committed 36648K, reserved 1081344K
  class space    used 4546K, capacity 4641K, committed 4736K, reserved 1048576K
GC Heap History (10 events):
Event: 3.721 GC heap before
{Heap before GC invocations=6 (full 0):
 PSYoungGen      total 68608K, used 14498K [0x00000000d7180000, 0x00000000e0280000, 0x0000000100000000)
  eden space 63488K, 14% used [0x00000000d7180000,0x00000000d7aaea08,0x00000000daf80000)
  from space 5120K, 99% used [0x00000000daf80000,0x00000000db479ec8,0x00000000db480000)
  to   space 10752K, 0% used [0x00000000df800000,0x00000000df800000,0x00000000e0280000)
 ParOldGen       total 84992K, used 12899K [0x0000000085400000, 0x000000008a700000, 0x00000000d7180000)
  object space 84992K, 15% used [0x0000000085400000,0x0000000086098f60,0x000000008a700000)
 Metaspace       used 20922K, capacity 21102K, committed 21296K, reserved 1069056K
  class space    used 2557K, capacity 2616K, committed 2688K, reserved 1048576K
Event: 3.862 GC heap after
Heap after GC invocations=6 (full 0):
 PSYoungGen      total 137728K, used 6007K [0x00000000d7180000, 0x00000000e0280000, 0x0000000100000000)
  eden space 126976K, 0% used [0x00000000d7180000,0x00000000d7180000,0x00000000ded80000)
  from space 10752K, 55% used [0x00000000df800000,0x00000000dfdddeb0,0x00000000e0280000)
  to   space 10752K, 0% used [0x00000000ded80000,0x00000000ded80000,0x00000000df800000)
 ParOldGen       total 84992K, used 12899K [0x0000000085400000, 0x000000008a700000, 0x00000000d7180000)
  object space 84992K, 15% used [0x0000000085400000,0x0000000086098f60,0x000000008a700000)
 Metaspace       used 20922K, capacity 21102K, committed 21296K, reserved 1069056K
  class space    used 2557K, capacity 2616K, committed 2688K, reserved 1048576K
}
Event: 3.862 GC heap before
{Heap before GC invocations=7 (full 1):
 PSYoungGen      total 137728K, used 6007K [0x00000000d7180000, 0x00000000e0280000, 0x0000000100000000)
  eden space 126976K, 0% used [0x00000000d7180000,0x00000000d7180000,0x00000000ded80000)
  from space 10752K, 55% used [0x00000000df800000,0x00000000dfdddeb0,0x00000000e0280000)
  to   space 10752K, 0% used [0x00000000ded80000,0x00000000ded80000,0x00000000df800000)
 ParOldGen       total 84992K, used 12899K [0x0000000085400000, 0x000000008a700000, 0x00000000d7180000)
  object space 84992K, 15% used [0x0000000085400000,0x0000000086098f60,0x000000008a700000)
 Metaspace       used 20922K, capacity 21102K, committed 21296K, reserved 1069056K
  class space    used 2557K, capacity 2616K, committed 2688K, reserved 1048576K
Event: 4.004 GC heap after
Heap after GC invocations=7 (full 1):
 PSYoungGen      total 137728K, used 0K [0x00000000d7180000, 0x00000000e0280000, 0x0000000100000000)
  eden space 126976K, 0% used [0x00000000d7180000,0x00000000d7180000,0x00000000ded80000)
  from space 10752K, 0% used [0x00000000df800000,0x00000000df800000,0x00000000e0280000)
  to   space 10752K, 0% used [0x00000000ded80000,0x00000000ded80000,0x00000000df800000)
 ParOldGen       total 56320K, used 10640K [0x0000000085400000, 0x0000000088b00000, 0x00000000d7180000)
  object space 56320K, 18% used [0x0000000085400000,0x0000000085e64368,0x0000000088b00000)
 Metaspace       used 20921K, capacity 21100K, committed 21296K, reserved 1069056K
  class space    used 2556K, capacity 2615K, committed 2688K, reserved 1048576K
}
Event: 6.569 GC heap before
{Heap before GC invocations=8 (full 1):
 PSYoungGen      total 137728K, used 126976K [0x00000000d7180000, 0x00000000e0280000, 0x0000000100000000)
  eden space 126976K, 100% used [0x00000000d7180000,0x00000000ded80000,0x00000000ded80000)
  from space 10752K, 0% used [0x00000000df800000,0x00000000df800000,0x00000000e0280000)
  to   space 10752K, 0% used [0x00000000ded80000,0x00000000ded80000,0x00000000df800000)
 ParOldGen       total 56320K, used 10640K [0x0000000085400000, 0x0000000088b00000, 0x00000000d7180000)
  object space 56320K, 18% used [0x0000000085400000,0x0000000085e64368,0x0000000088b00000)
 Metaspace       used 28695K, capacity 29080K, committed 29312K, reserved 1075200K
  class space    used 3546K, capacity 3624K, committed 3712K, reserved 1048576K
Event: 6.644 GC heap after
Heap after GC invocations=8 (full 1):
 PSYoungGen      total 137728K, used 10732K [0x00000000d7180000, 0x00000000e5c80000, 0x0000000100000000)
  eden space 126976K, 0% used [0x00000000d7180000,0x00000000d7180000,0x00000000ded80000)
  from space 10752K, 99% used [0x00000000ded80000,0x00000000df7fb220,0x00000000df800000)
  to   space 12800K, 0% used [0x00000000e5000000,0x00000000e5000000,0x00000000e5c80000)
 ParOldGen       total 56320K, used 12106K [0x0000000085400000, 0x0000000088b00000, 0x00000000d7180000)
  object space 56320K, 21% used [0x0000000085400000,0x0000000085fd2a68,0x0000000088b00000)
 Metaspace       used 28695K, capacity 29080K, committed 29312K, reserved 1075200K
  class space    used 3546K, capacity 3624K, committed 3712K, reserved 1048576K
}
Event: 14.150 GC heap before
{Heap before GC invocations=9 (full 1):
 PSYoungGen      total 137728K, used 71538K [0x00000000d7180000, 0x00000000e5c80000, 0x0000000100000000)
  eden space 126976K, 47% used [0x00000000d7180000,0x00000000dace18d0,0x00000000ded80000)
  from space 10752K, 99% used [0x00000000ded80000,0x00000000df7fb220,0x00000000df800000)
  to   space 12800K, 0% used [0x00000000e5000000,0x00000000e5000000,0x00000000e5c80000)
 ParOldGen       total 56320K, used 12106K [0x0000000085400000, 0x0000000088b00000, 0x00000000d7180000)
  object space 56320K, 21% used [0x0000000085400000,0x0000000085fd2a68,0x0000000088b00000)
 Metaspace       used 34936K, capacity 35228K, committed 35496K, reserved 1081344K
  class space    used 4422K, capacity 4496K, committed 4608K, reserved 1048576K
Event: 14.185 GC heap after
Heap after GC invocations=9 (full 1):
 PSYoungGen      total 219136K, used 11380K [0x00000000d7180000, 0x00000000e5b80000, 0x0000000100000000)
  eden space 207360K, 0% used [0x00000000d7180000,0x00000000d7180000,0x00000000e3c00000)
  from space 11776K, 96% used [0x00000000e5000000,0x00000000e5b1d258,0x00000000e5b80000)
  to   space 13824K, 0% used [0x00000000e4080000,0x00000000e4080000,0x00000000e4e00000)
 ParOldGen       total 56320K, used 12114K [0x0000000085400000, 0x0000000088b00000, 0x00000000d7180000)
  object space 56320K, 21% used [0x0000000085400000,0x0000000085fd4a68,0x0000000088b00000)
 Metaspace       used 34936K, capacity 35228K, committed 35496K, reserved 1081344K
  class space    used 4422K, capacity 4496K, committed 4608K, reserved 1048576K
}
Event: 14.185 GC heap before
{Heap before GC invocations=10 (full 2):
 PSYoungGen      total 219136K, used 11380K [0x00000000d7180000, 0x00000000e5b80000, 0x0000000100000000)
  eden space 207360K, 0% used [0x00000000d7180000,0x00000000d7180000,0x00000000e3c00000)
  from space 11776K, 96% used [0x00000000e5000000,0x00000000e5b1d258,0x00000000e5b80000)
  to   space 13824K, 0% used [0x00000000e4080000,0x00000000e4080000,0x00000000e4e00000)
 ParOldGen       total 56320K, used 12114K [0x0000000085400000, 0x0000000088b00000, 0x00000000d7180000)
  object space 56320K, 21% used [0x0000000085400000,0x0000000085fd4a68,0x0000000088b00000)
 Metaspace       used 34936K, capacity 35228K, committed 35496K, reserved 1081344K
  class space    used 4422K, capacity 4496K, committed 4608K, reserved 1048576K
Event: 14.300 GC heap after
Heap after GC invocations=10 (full 2):
 PSYoungGen      total 219136K, used 0K [0x00000000d7180000, 0x00000000e5b80000, 0x0000000100000000)
  eden space 207360K, 0% used [0x00000000d7180000,0x00000000d7180000,0x00000000e3c00000)
  from space 11776K, 0% used [0x00000000e5000000,0x00000000e5000000,0x00000000e5b80000)
  to   space 13824K, 0% used [0x00000000e4080000,0x00000000e4080000,0x00000000e4e00000)
 ParOldGen       total 75264K, used 18742K [0x0000000085400000, 0x0000000089d80000, 0x00000000d7180000)
  object space 75264K, 24% used [0x0000000085400000,0x000000008664d818,0x0000000089d80000)
 Metaspace       used 34936K, capacity 35228K, committed 35496K, reserved 1081344K
  class space    used 4422K, capacity 4496K, committed 4608K, reserved 1048576K
}

