# JRE version: Java(TM) SE Runtime Environment (8.0_20-b26) (build 1.8.0_20-b26)
# Java VM: Java HotSpot(TM) 64-Bit Server VM (25.20-b23 mixed mode windows-amd64 compressed oops)
Heap:
 PSYoungGen      total 209920K, used 12021K [0x00000000d7180000, 0x00000000e5280000, 0x0000000100000000)
  eden space 198144K, 6% used [0x00000000d7180000,0x00000000d7d3d418,0x00000000e3300000)
  from space 11776K, 0% used [0x00000000e4700000,0x00000000e4700000,0x00000000e5280000)
  to   space 13824K, 0% used [0x00000000e3780000,0x00000000e3780000,0x00000000e4500000)
 ParOldGen       total 82432K, used 19015K [0x0000000085400000, 0x000000008a480000, 0x00000000d7180000)
  object space 82432K, 23% used [0x0000000085400000,0x0000000086691c28,0x000000008a480000)
 Metaspace       used 35944K, capacity 36292K, committed 36648K, reserved 1081344K
  class space    used 4542K, capacity 4640K, committed 4648K, reserved 1048576K
GC Heap History (10 events):
Event: 3.632 GC heap before
{Heap before GC invocations=6 (full 0):
 PSYoungGen      total 68608K, used 15753K [0x00000000d7180000, 0x00000000e0280000, 0x0000000100000000)
  eden space 63488K, 16% used [0x00000000d7180000,0x00000000d7be4558,0x00000000daf80000)
  from space 5120K, 99% used [0x00000000daf80000,0x00000000db47ded8,0x00000000db480000)
  to   space 10752K, 0% used [0x00000000df800000,0x00000000df800000,0x00000000e0280000)
 ParOldGen       total 84992K, used 12855K [0x0000000085400000, 0x000000008a700000, 0x00000000d7180000)
  object space 84992K, 15% used [0x0000000085400000,0x000000008608dfa0,0x000000008a700000)
 Metaspace       used 20961K, capacity 21102K, committed 21296K, reserved 1069056K
  class space    used 2561K, capacity 2616K, committed 2688K, reserved 1048576K
Event: 3.661 GC heap after
Heap after GC invocations=6 (full 0):
 PSYoungGen      total 137728K, used 6074K [0x00000000d7180000, 0x00000000e0280000, 0x0000000100000000)
  eden space 126976K, 0% used [0x00000000d7180000,0x00000000d7180000,0x00000000ded80000)
  from space 10752K, 56% used [0x00000000df800000,0x00000000dfdeebe0,0x00000000e0280000)
  to   space 10752K, 0% used [0x00000000ded80000,0x00000000ded80000,0x00000000df800000)
 ParOldGen       total 84992K, used 12863K [0x0000000085400000, 0x000000008a700000, 0x00000000d7180000)
  object space 84992K, 15% used [0x0000000085400000,0x000000008608ffa0,0x000000008a700000)
 Metaspace       used 20961K, capacity 21102K, committed 21296K, reserved 1069056K
  class space    used 2561K, capacity 2616K, committed 2688K, reserved 1048576K
}
Event: 3.661 GC heap before
{Heap before GC invocations=7 (full 1):
 PSYoungGen      total 137728K, used 6074K [0x00000000d7180000, 0x00000000e0280000, 0x0000000100000000)
  eden space 126976K, 0% used [0x00000000d7180000,0x00000000d7180000,0x00000000ded80000)
  from space 10752K, 56% used [0x00000000df800000,0x00000000dfdeebe0,0x00000000e0280000)
  to   space 10752K, 0% used [0x00000000ded80000,0x00000000ded80000,0x00000000df800000)
 ParOldGen       total 84992K, used 12863K [0x0000000085400000, 0x000000008a700000, 0x00000000d7180000)
  object space 84992K, 15% used [0x0000000085400000,0x000000008608ffa0,0x000000008a700000)
 Metaspace       used 20961K, capacity 21102K, committed 21296K, reserved 1069056K
  class space    used 2561K, capacity 2616K, committed 2688K, reserved 1048576K
Event: 3.761 GC heap after
Heap after GC invocations=7 (full 1):
 PSYoungGen      total 137728K, used 0K [0x00000000d7180000, 0x00000000e0280000, 0x0000000100000000)
  eden space 126976K, 0% used [0x00000000d7180000,0x00000000d7180000,0x00000000ded80000)
  from space 10752K, 0% used [0x00000000df800000,0x00000000df800000,0x00000000e0280000)
  to   space 10752K, 0% used [0x00000000ded80000,0x00000000ded80000,0x00000000df800000)
 ParOldGen       total 59392K, used 10950K [0x0000000085400000, 0x0000000088e00000, 0x00000000d7180000)
  object space 59392K, 18% used [0x0000000085400000,0x0000000085eb1a08,0x0000000088e00000)
 Metaspace       used 20960K, capacity 21100K, committed 21296K, reserved 1069056K
  class space    used 2560K, capacity 2615K, committed 2688K, reserved 1048576K
}
Event: 6.202 GC heap before
{Heap before GC invocations=8 (full 1):
 PSYoungGen      total 137728K, used 126976K [0x00000000d7180000, 0x00000000e0280000, 0x0000000100000000)
  eden space 126976K, 100% used [0x00000000d7180000,0x00000000ded80000,0x00000000ded80000)
  from space 10752K, 0% used [0x00000000df800000,0x00000000df800000,0x00000000e0280000)
  to   space 10752K, 0% used [0x00000000ded80000,0x00000000ded80000,0x00000000df800000)
 ParOldGen       total 59392K, used 10950K [0x0000000085400000, 0x0000000088e00000, 0x00000000d7180000)
  object space 59392K, 18% used [0x0000000085400000,0x0000000085eb1a08,0x0000000088e00000)
 Metaspace       used 28711K, capacity 29086K, committed 29312K, reserved 1075200K
  class space    used 3543K, capacity 3625K, committed 3712K, reserved 1048576K
Event: 6.238 GC heap after
Heap after GC invocations=8 (full 1):
 PSYoungGen      total 137728K, used 10750K [0x00000000d7180000, 0x00000000e5380000, 0x0000000100000000)
  eden space 126976K, 0% used [0x00000000d7180000,0x00000000d7180000,0x00000000ded80000)
  from space 10752K, 99% used [0x00000000ded80000,0x00000000df7ff9b8,0x00000000df800000)
  to   space 12800K, 0% used [0x00000000e4700000,0x00000000e4700000,0x00000000e5380000)
 ParOldGen       total 59392K, used 12355K [0x0000000085400000, 0x0000000088e00000, 0x00000000d7180000)
  object space 59392K, 20% used [0x0000000085400000,0x0000000086010e78,0x0000000088e00000)
 Metaspace       used 28711K, capacity 29086K, committed 29312K, reserved 1075200K
  class space    used 3543K, capacity 3625K, committed 3712K, reserved 1048576K
}
Event: 16.572 GC heap before
{Heap before GC invocations=9 (full 1):
 PSYoungGen      total 137728K, used 74881K [0x00000000d7180000, 0x00000000e5380000, 0x0000000100000000)
  eden space 126976K, 50% used [0x00000000d7180000,0x00000000db020d30,0x00000000ded80000)
  from space 10752K, 99% used [0x00000000ded80000,0x00000000df7ff9b8,0x00000000df800000)
  to   space 12800K, 0% used [0x00000000e4700000,0x00000000e4700000,0x00000000e5380000)
 ParOldGen       total 59392K, used 12355K [0x0000000085400000, 0x0000000088e00000, 0x00000000d7180000)
  object space 59392K, 20% used [0x0000000085400000,0x0000000086010e78,0x0000000088e00000)
 Metaspace       used 35046K, capacity 35356K, committed 35496K, reserved 1081344K
  class space    used 4430K, capacity 4496K, committed 4520K, reserved 1048576K
Event: 16.605 GC heap after
Heap after GC invocations=9 (full 1):
 PSYoungGen      total 209920K, used 11718K [0x00000000d7180000, 0x00000000e5280000, 0x0000000100000000)
  eden space 198144K, 0% used [0x00000000d7180000,0x00000000d7180000,0x00000000e3300000)
  from space 11776K, 99% used [0x00000000e4700000,0x00000000e52718c8,0x00000000e5280000)
  to   space 13824K, 0% used [0x00000000e3780000,0x00000000e3780000,0x00000000e4500000)
 ParOldGen       total 59392K, used 12363K [0x0000000085400000, 0x0000000088e00000, 0x00000000d7180000)
  object space 59392K, 20% used [0x0000000085400000,0x0000000086012e78,0x0000000088e00000)
 Metaspace       used 35046K, capacity 35356K, committed 35496K, reserved 1081344K
  class space    used 4430K, capacity 4496K, committed 4520K, reserved 1048576K
}
Event: 16.605 GC heap before
{Heap before GC invocations=10 (full 2):
 PSYoungGen      total 209920K, used 11718K [0x00000000d7180000, 0x00000000e5280000, 0x0000000100000000)
  eden space 198144K, 0% used [0x00000000d7180000,0x00000000d7180000,0x00000000e3300000)
  from space 11776K, 99% used [0x00000000e4700000,0x00000000e52718c8,0x00000000e5280000)
  to   space 13824K, 0% used [0x00000000e3780000,0x00000000e3780000,0x00000000e4500000)
 ParOldGen       total 59392K, used 12363K [0x0000000085400000, 0x0000000088e00000, 0x00000000d7180000)
  object space 59392K, 20% used [0x0000000085400000,0x0000000086012e78,0x0000000088e00000)
 Metaspace       used 35046K, capacity 35356K, committed 35496K, reserved 1081344K
  class space    used 4430K, capacity 4496K, committed 4520K, reserved 1048576K
Event: 16.736 GC heap after
Heap after GC invocations=10 (full 2):
 PSYoungGen      total 209920K, used 0K [0x00000000d7180000, 0x00000000e5280000, 0x0000000100000000)
  eden space 198144K, 0% used [0x00000000d7180000,0x00000000d7180000,0x00000000e3300000)
  from space 11776K, 0% used [0x00000000e4700000,0x00000000e4700000,0x00000000e5280000)
  to   space 13824K, 0% used [0x00000000e3780000,0x00000000e3780000,0x00000000e4500000)
 ParOldGen       total 82432K, used 19015K [0x0000000085400000, 0x000000008a480000, 0x00000000d7180000)
  object space 82432K, 23% used [0x0000000085400000,0x0000000086691c28,0x000000008a480000)
 Metaspace       used 35046K, capacity 35356K, committed 35496K, reserved 1081344K
  class space    used 4430K, capacity 4496K, committed 4520K, reserved 1048576K
}

